<?xml version="1.0" encoding="UTF-8"?>
<!-- Generated by org.testng.reporters.JUnitReportReporter -->
<testsuite hostname="QIDPUN-LAP241" failures="0" tests="3" name="testCase.logInTest01" time="21.934" errors="0" timestamp="2023-08-08T16:48:08 IST" skipped="0">
  <testcase classname="testCase.logInTest01" name="test" time="8.420"/>
  <system-out/>
  <testcase classname="testCase.logInTest01" name="test" time="5.369"/>
  <system-out/>
  <testcase classname="testCase.logInTest01" name="test" time="8.145"/>
  <system-out/>
</testsuite> <!-- testCase.logInTest01 -->
