<?xml version="1.0" encoding="UTF-8"?>
<!-- Generated by org.testng.reporters.JUnitReportReporter -->
<testsuite hostname="QIDPUN-LAP241" failures="0" tests="1" name="testCase.Test001API" time="5.518" errors="0" timestamp="2023-08-08T16:59:35 IST" skipped="0">
  <testcase classname="testCase.Test001API" name="Test" time="5.518"/>
  <system-out/>
</testsuite> <!-- testCase.Test001API -->
