<?xml version="1.0" encoding="UTF-8"?>
<!-- Generated by org.testng.reporters.JUnitReportReporter -->
<testsuite hostname="QIDPUN-LAP241" failures="0" tests="2" name="testCase.shipRequiest01" time="57.453" errors="0" timestamp="2024-05-01T01:32:46 IST" skipped="0">
  <testcase classname="testCase.shipRequiest01" name="TestAPIrecivePackage" time="6.404"/>
  <system-out/>
  <testcase classname="testCase.shipRequiest01" name="testLogIn" time="51.049"/>
  <system-out/>
</testsuite> <!-- testCase.shipRequiest01 -->
