<?xml version="1.0" encoding="UTF-8"?>
<!-- Generated by org.testng.reporters.JUnitReportReporter -->
<testsuite hostname="QIDPUN-LAP241" failures="0" tests="1" name="testCase.APIClass" time="3.464" errors="0" timestamp="2023-07-30T19:30:16 IST" skipped="0">
  <testcase classname="testCase.APIClass" name="main" time="3.464"/>
  <system-out/>
</testsuite> <!-- testCase.APIClass -->
